{"/Users/jalildini/Desktop/hacker-rank/src/week1/miniMaxSum/miniMaxSum.js": {"path":"/Users/jalildini/Desktop/hacker-rank/src/week1/miniMaxSum/miniMaxSum.js","statementMap":{"0":{"start":{"line":4,"column":26},"end":{"line":9,"column":1}},"1":{"start":{"line":5,"column":22},"end":{"line":5,"column":70}},"2":{"start":{"line":5,"column":55},"end":{"line":5,"column":68}},"3":{"start":{"line":6,"column":25},"end":{"line":6,"column":65}},"4":{"start":{"line":7,"column":25},"end":{"line":7,"column":65}},"5":{"start":{"line":8,"column":4},"end":{"line":8,"column":58}}},"fnMap":{"0":{"name":"(anonymous_0)","decl":{"start":{"line":4,"column":26},"end":{"line":4,"column":27}},"loc":{"start":{"line":4,"column":47},"end":{"line":9,"column":1}},"line":4},"1":{"name":"(anonymous_1)","decl":{"start":{"line":5,"column":45},"end":{"line":5,"column":46}},"loc":{"start":{"line":5,"column":54},"end":{"line":5,"column":69}},"line":5}},"branchMap":{},"s":{"0":1,"1":1,"2":4,"3":1,"4":1,"5":1},"f":{"0":1,"1":4},"b":{},"_coverageSchema":"1a1c01bbd47fc00a2c39e90264f33305004495a9","hash":"67a28434621e0a74edf4908e4df557dccc572d24"}
,"/Users/jalildini/Desktop/hacker-rank/src/week1/mockTestWeekOne/findMedianValue.js": {"path":"/Users/jalildini/Desktop/hacker-rank/src/week1/mockTestWeekOne/findMedianValue.js","statementMap":{"0":{"start":{"line":2,"column":31},"end":{"line":13,"column":1}},"1":{"start":{"line":3,"column":24},"end":{"line":3,"column":69}},"2":{"start":{"line":3,"column":55},"end":{"line":3,"column":67}},"3":{"start":{"line":4,"column":26},"end":{"line":4,"column":48}},"4":{"start":{"line":5,"column":20},"end":{"line":5,"column":41}},"5":{"start":{"line":6,"column":4},"end":{"line":10,"column":5}},"6":{"start":{"line":7,"column":22},"end":{"line":7,"column":56}},"7":{"start":{"line":8,"column":23},"end":{"line":8,"column":53}},"8":{"start":{"line":9,"column":8},"end":{"line":9,"column":36}},"9":{"start":{"line":11,"column":16},"end":{"line":11,"column":45}},"10":{"start":{"line":12,"column":4},"end":{"line":12,"column":28}}},"fnMap":{"0":{"name":"(anonymous_0)","decl":{"start":{"line":2,"column":31},"end":{"line":2,"column":32}},"loc":{"start":{"line":2,"column":52},"end":{"line":13,"column":1}},"line":2},"1":{"name":"(anonymous_1)","decl":{"start":{"line":3,"column":45},"end":{"line":3,"column":46}},"loc":{"start":{"line":3,"column":54},"end":{"line":3,"column":68}},"line":3}},"branchMap":{"0":{"loc":{"start":{"line":6,"column":4},"end":{"line":10,"column":5}},"type":"if","locations":[{"start":{"line":6,"column":4},"end":{"line":10,"column":5}},{"start":{},"end":{}}],"line":6}},"s":{"0":1,"1":2,"2":22,"3":2,"4":2,"5":2,"6":1,"7":1,"8":1,"9":1,"10":1},"f":{"0":2,"1":22},"b":{"0":[1,1]},"_coverageSchema":"1a1c01bbd47fc00a2c39e90264f33305004495a9","hash":"a7ca766a6f43ab5255a2c77b10fe60c63a51a571"}
,"/Users/jalildini/Desktop/hacker-rank/src/week1/plusMinus/plusMinus.js": {"path":"/Users/jalildini/Desktop/hacker-rank/src/week1/plusMinus/plusMinus.js","statementMap":{"0":{"start":{"line":27,"column":25},"end":{"line":32,"column":1}},"1":{"start":{"line":28,"column":4},"end":{"line":28,"column":37}},"2":{"start":{"line":29,"column":4},"end":{"line":29,"column":37}},"3":{"start":{"line":30,"column":4},"end":{"line":30,"column":39}},"4":{"start":{"line":31,"column":4},"end":{"line":31,"column":11}},"5":{"start":{"line":34,"column":24},"end":{"line":38,"column":1}},"6":{"start":{"line":35,"column":26},"end":{"line":35,"column":48}},"7":{"start":{"line":36,"column":28},"end":{"line":36,"column":69}},"8":{"start":{"line":36,"column":56},"end":{"line":36,"column":61}},"9":{"start":{"line":37,"column":4},"end":{"line":37,"column":67}},"10":{"start":{"line":39,"column":24},"end":{"line":43,"column":1}},"11":{"start":{"line":40,"column":26},"end":{"line":40,"column":48}},"12":{"start":{"line":41,"column":28},"end":{"line":41,"column":69}},"13":{"start":{"line":41,"column":56},"end":{"line":41,"column":61}},"14":{"start":{"line":42,"column":4},"end":{"line":42,"column":67}},"15":{"start":{"line":44,"column":26},"end":{"line":48,"column":1}},"16":{"start":{"line":45,"column":26},"end":{"line":45,"column":48}},"17":{"start":{"line":46,"column":18},"end":{"line":46,"column":61}},"18":{"start":{"line":46,"column":46},"end":{"line":46,"column":53}},"19":{"start":{"line":47,"column":4},"end":{"line":47,"column":57}}},"fnMap":{"0":{"name":"(anonymous_0)","decl":{"start":{"line":27,"column":25},"end":{"line":27,"column":26}},"loc":{"start":{"line":27,"column":46},"end":{"line":32,"column":1}},"line":27},"1":{"name":"(anonymous_1)","decl":{"start":{"line":34,"column":24},"end":{"line":34,"column":25}},"loc":{"start":{"line":34,"column":45},"end":{"line":38,"column":1}},"line":34},"2":{"name":"(anonymous_2)","decl":{"start":{"line":36,"column":51},"end":{"line":36,"column":52}},"loc":{"start":{"line":36,"column":56},"end":{"line":36,"column":61}},"line":36},"3":{"name":"(anonymous_3)","decl":{"start":{"line":39,"column":24},"end":{"line":39,"column":25}},"loc":{"start":{"line":39,"column":45},"end":{"line":43,"column":1}},"line":39},"4":{"name":"(anonymous_4)","decl":{"start":{"line":41,"column":51},"end":{"line":41,"column":52}},"loc":{"start":{"line":41,"column":56},"end":{"line":41,"column":61}},"line":41},"5":{"name":"(anonymous_5)","decl":{"start":{"line":44,"column":26},"end":{"line":44,"column":27}},"loc":{"start":{"line":44,"column":47},"end":{"line":48,"column":1}},"line":44},"6":{"name":"(anonymous_6)","decl":{"start":{"line":46,"column":41},"end":{"line":46,"column":42}},"loc":{"start":{"line":46,"column":46},"end":{"line":46,"column":53}},"line":46}},"branchMap":{},"s":{"0":1,"1":1,"2":1,"3":1,"4":1,"5":1,"6":1,"7":1,"8":6,"9":1,"10":1,"11":1,"12":1,"13":6,"14":1,"15":1,"16":1,"17":1,"18":6,"19":1},"f":{"0":1,"1":1,"2":6,"3":1,"4":6,"5":1,"6":6},"b":{},"_coverageSchema":"1a1c01bbd47fc00a2c39e90264f33305004495a9","hash":"bc4daf6ecfc1db69145a735497dd63b04876715a"}
,"/Users/jalildini/Desktop/hacker-rank/src/week2/lonelyInteger/lonelyInteger.js": {"path":"/Users/jalildini/Desktop/hacker-rank/src/week2/lonelyInteger/lonelyInteger.js","statementMap":{"0":{"start":{"line":1,"column":29},"end":{"line":5,"column":1}},"1":{"start":{"line":2,"column":19},"end":{"line":3,"column":82}},"2":{"start":{"line":3,"column":8},"end":{"line":3,"column":81}},"3":{"start":{"line":4,"column":4},"end":{"line":4,"column":21}}},"fnMap":{"0":{"name":"(anonymous_0)","decl":{"start":{"line":1,"column":29},"end":{"line":1,"column":30}},"loc":{"start":{"line":1,"column":50},"end":{"line":5,"column":1}},"line":1},"1":{"name":"(anonymous_1)","decl":{"start":{"line":2,"column":42},"end":{"line":2,"column":43}},"loc":{"start":{"line":3,"column":8},"end":{"line":3,"column":81}},"line":3}},"branchMap":{},"s":{"0":1,"1":1,"2":7,"3":1},"f":{"0":1,"1":7},"b":{},"_coverageSchema":"1a1c01bbd47fc00a2c39e90264f33305004495a9","hash":"16f7e44cfdd8d0c1ef3e7635bc5ec4b41fe33871"}
,"/Users/jalildini/Desktop/hacker-rank/src/week2/panagram/panagram.js": {"path":"/Users/jalildini/Desktop/hacker-rank/src/week2/panagram/panagram.js","statementMap":{"0":{"start":{"line":1,"column":23},"end":{"line":5,"column":1}},"1":{"start":{"line":2,"column":30},"end":{"line":2,"column":91}},"2":{"start":{"line":2,"column":75},"end":{"line":2,"column":90}},"3":{"start":{"line":3,"column":22},"end":{"line":3,"column":78}},"4":{"start":{"line":3,"column":45},"end":{"line":3,"column":77}},"5":{"start":{"line":4,"column":4},"end":{"line":4,"column":48}},"6":{"start":{"line":7,"column":17},"end":{"line":9,"column":14}}},"fnMap":{"0":{"name":"(anonymous_0)","decl":{"start":{"line":1,"column":23},"end":{"line":1,"column":24}},"loc":{"start":{"line":1,"column":37},"end":{"line":5,"column":1}},"line":1},"1":{"name":"(anonymous_1)","decl":{"start":{"line":2,"column":70},"end":{"line":2,"column":71}},"loc":{"start":{"line":2,"column":75},"end":{"line":2,"column":90}},"line":2},"2":{"name":"(anonymous_2)","decl":{"start":{"line":3,"column":37},"end":{"line":3,"column":38}},"loc":{"start":{"line":3,"column":45},"end":{"line":3,"column":77}},"line":3}},"branchMap":{"0":{"loc":{"start":{"line":4,"column":11},"end":{"line":4,"column":47}},"type":"cond-expr","locations":[{"start":{"line":4,"column":23},"end":{"line":4,"column":32}},{"start":{"line":4,"column":34},"end":{"line":4,"column":47}}],"line":4}},"s":{"0":1,"1":2,"2":95,"3":2,"4":50,"5":2,"6":1},"f":{"0":2,"1":95,"2":50},"b":{"0":[1,1]},"_coverageSchema":"1a1c01bbd47fc00a2c39e90264f33305004495a9","hash":"5ed8bc5384b4d8e427522102605f24c201eb02a5"}
,"/Users/jalildini/Desktop/hacker-rank/src/week3/migratoryBirds/migratoryBirds.js": {"path":"/Users/jalildini/Desktop/hacker-rank/src/week3/migratoryBirds/migratoryBirds.js","statementMap":{"0":{"start":{"line":4,"column":30},"end":{"line":19,"column":1}},"1":{"start":{"line":5,"column":13},"end":{"line":5,"column":14}},"2":{"start":{"line":6,"column":16},"end":{"line":6,"column":17}},"3":{"start":{"line":7,"column":26},"end":{"line":7,"column":46}},"4":{"start":{"line":8,"column":4},"end":{"line":17,"column":5}},"5":{"start":{"line":9,"column":8},"end":{"line":9,"column":30}},"6":{"start":{"line":10,"column":8},"end":{"line":16,"column":9}},"7":{"start":{"line":11,"column":12},"end":{"line":11,"column":37}},"8":{"start":{"line":12,"column":12},"end":{"line":12,"column":24}},"9":{"start":{"line":14,"column":13},"end":{"line":16,"column":9}},"10":{"start":{"line":15,"column":12},"end":{"line":15,"column":24}},"11":{"start":{"line":18,"column":4},"end":{"line":18,"column":16}}},"fnMap":{"0":{"name":"(anonymous_0)","decl":{"start":{"line":4,"column":30},"end":{"line":4,"column":31}},"loc":{"start":{"line":4,"column":56},"end":{"line":19,"column":1}},"line":4}},"branchMap":{"0":{"loc":{"start":{"line":10,"column":8},"end":{"line":16,"column":9}},"type":"if","locations":[{"start":{"line":10,"column":8},"end":{"line":16,"column":9}},{"start":{"line":14,"column":13},"end":{"line":16,"column":9}}],"line":10},"1":{"loc":{"start":{"line":14,"column":13},"end":{"line":16,"column":9}},"type":"if","locations":[{"start":{"line":14,"column":13},"end":{"line":16,"column":9}},{"start":{},"end":{}}],"line":14},"2":{"loc":{"start":{"line":14,"column":18},"end":{"line":14,"column":59}},"type":"binary-expr","locations":[{"start":{"line":14,"column":18},"end":{"line":14,"column":44}},{"start":{"line":14,"column":48},"end":{"line":14,"column":59}}],"line":14}},"s":{"0":1,"1":1,"2":1,"3":1,"4":1,"5":5,"6":5,"7":2,"8":2,"9":3,"10":0,"11":1},"f":{"0":1},"b":{"0":[2,3],"1":[0,3],"2":[3,1]},"_coverageSchema":"1a1c01bbd47fc00a2c39e90264f33305004495a9","hash":"61d2fc2dc9889579c4d65a6b4a3b8f6638dbaa62"}
}
